<?xml version="1.0" encoding="UTF-8"?>
<!-- Generated by org.testng.reporters.JUnitReportReporter -->
<testsuite hostname="DESKTOP-IT8112N" failures="0" tests="5" name="DataProvider.Login_Panel" time="18.642" errors="0" timestamp="2022-05-11T11:14:06 IST" skipped="0">
  <testcase classname="DataProvider.Login_Panel" name="logindata" time="2.038"/>
  <system-out/>
  <testcase classname="DataProvider.Login_Panel" name="logindata" time="6.894"/>
  <system-out/>
  <testcase classname="DataProvider.Login_Panel" name="logindata" time="2.071"/>
  <system-out/>
  <testcase classname="DataProvider.Login_Panel" name="logindata" time="5.520"/>
  <system-out/>
  <testcase classname="DataProvider.Login_Panel" name="logindata" time="2.119"/>
  <system-out/>
</testsuite> <!-- DataProvider.Login_Panel -->
